{"/Users/johnatanbotero/Master/deliveryapp/app/components/Text.js": {"path":"/Users/johnatanbotero/Master/deliveryapp/app/components/Text.js","statementMap":{"0":{"start":{"line":7,"column":24},"end":{"line":7,"column":28}},"1":{"start":{"line":8,"column":14},"end":{"line":8,"column":39}},"2":{"start":{"line":12,"column":15},"end":{"line":34,"column":2}},"3":{"start":{"line":37,"column":2},"end":{"line":37,"column":60}},"4":{"start":{"line":41,"column":2},"end":{"line":44,"column":58}},"5":{"start":{"line":42,"column":2},"end":{"line":44,"column":58}},"6":{"start":{"line":43,"column":2},"end":{"line":44,"column":58}},"7":{"start":{"line":44,"column":4},"end":{"line":44,"column":58}},"8":{"start":{"line":46,"column":0},"end":{"line":46,"column":51}},"9":{"start":{"line":47,"column":0},"end":{"line":47,"column":51}},"10":{"start":{"line":48,"column":0},"end":{"line":48,"column":50}},"11":{"start":{"line":49,"column":0},"end":{"line":49,"column":50}},"12":{"start":{"line":51,"column":0},"end":{"line":51,"column":56}},"13":{"start":{"line":54,"column":2},"end":{"line":63,"column":3}},"14":{"start":{"line":55,"column":20},"end":{"line":55,"column":32}},"15":{"start":{"line":56,"column":4},"end":{"line":60,"column":5}},"16":{"start":{"line":57,"column":6},"end":{"line":57,"column":65}},"17":{"start":{"line":59,"column":6},"end":{"line":59,"column":69}},"18":{"start":{"line":62,"column":4},"end":{"line":62,"column":16}}},"fnMap":{"0":{"name":"Text","decl":{"start":{"line":36,"column":16},"end":{"line":36,"column":20}},"loc":{"start":{"line":36,"column":69},"end":{"line":38,"column":1}},"line":36},"1":{"name":"(anonymous_1)","decl":{"start":{"line":41,"column":2},"end":{"line":41,"column":3}},"loc":{"start":{"line":42,"column":2},"end":{"line":44,"column":58}},"line":42},"2":{"name":"(anonymous_2)","decl":{"start":{"line":42,"column":2},"end":{"line":42,"column":3}},"loc":{"start":{"line":43,"column":2},"end":{"line":44,"column":58}},"line":43},"3":{"name":"(anonymous_3)","decl":{"start":{"line":43,"column":2},"end":{"line":43,"column":3}},"loc":{"start":{"line":44,"column":4},"end":{"line":44,"column":58}},"line":44},"4":{"name":"normalize","decl":{"start":{"line":53,"column":16},"end":{"line":53,"column":25}},"loc":{"start":{"line":53,"column":60},"end":{"line":64,"column":1}},"line":53}},"branchMap":{"0":{"loc":{"start":{"line":54,"column":2},"end":{"line":63,"column":3}},"type":"if","locations":[{"start":{"line":54,"column":2},"end":{"line":63,"column":3}},{"start":{"line":54,"column":2},"end":{"line":63,"column":3}}],"line":54},"1":{"loc":{"start":{"line":56,"column":4},"end":{"line":60,"column":5}},"type":"if","locations":[{"start":{"line":56,"column":4},"end":{"line":60,"column":5}},{"start":{"line":56,"column":4},"end":{"line":60,"column":5}}],"line":56}},"s":{"0":1,"1":1,"2":1,"3":0,"4":1,"5":5,"6":5,"7":0,"8":1,"9":1,"10":1,"11":1,"12":1,"13":14,"14":10,"15":10,"16":8,"17":2,"18":4},"f":{"0":0,"1":5,"2":5,"3":0,"4":14},"b":{"0":[10,4],"1":[8,2]},"_coverageSchema":"1a1c01bbd47fc00a2c39e90264f33305004495a9","hash":"9fb6906ce3faf4590ac5a2fc41fa5f1cfb03fdd8"}
,"/Users/johnatanbotero/Master/deliveryapp/app/themes/colors.js": {"path":"/Users/johnatanbotero/Master/deliveryapp/app/themes/colors.js","statementMap":{"0":{"start":{"line":3,"column":16},"end":{"line":3,"column":25}},"1":{"start":{"line":4,"column":19},"end":{"line":4,"column":28}},"2":{"start":{"line":5,"column":18},"end":{"line":5,"column":27}},"3":{"start":{"line":6,"column":20},"end":{"line":6,"column":29}},"4":{"start":{"line":8,"column":14},"end":{"line":8,"column":20}},"5":{"start":{"line":9,"column":13},"end":{"line":9,"column":22}},"6":{"start":{"line":10,"column":22},"end":{"line":10,"column":31}},"7":{"start":{"line":12,"column":19},"end":{"line":14,"column":1}},"8":{"start":{"line":13,"column":2},"end":{"line":13,"column":40}},"9":{"start":{"line":15,"column":18},"end":{"line":17,"column":1}},"10":{"start":{"line":16,"column":2},"end":{"line":16,"column":34}},"11":{"start":{"line":18,"column":21},"end":{"line":20,"column":1}},"12":{"start":{"line":19,"column":2},"end":{"line":19,"column":37}},"13":{"start":{"line":22,"column":22},"end":{"line":33,"column":1}}},"fnMap":{"0":{"name":"(anonymous_0)","decl":{"start":{"line":12,"column":19},"end":{"line":12,"column":20}},"loc":{"start":{"line":12,"column":48},"end":{"line":14,"column":1}},"line":12},"1":{"name":"(anonymous_1)","decl":{"start":{"line":15,"column":18},"end":{"line":15,"column":19}},"loc":{"start":{"line":15,"column":47},"end":{"line":17,"column":1}},"line":15},"2":{"name":"(anonymous_2)","decl":{"start":{"line":18,"column":21},"end":{"line":18,"column":22}},"loc":{"start":{"line":18,"column":50},"end":{"line":20,"column":1}},"line":18}},"branchMap":{},"s":{"0":2,"1":2,"2":2,"3":2,"4":2,"5":2,"6":2,"7":2,"8":4,"9":2,"10":4,"11":2,"12":4,"13":2},"f":{"0":4,"1":4,"2":4},"b":{},"_coverageSchema":"1a1c01bbd47fc00a2c39e90264f33305004495a9","hash":"d292d9ffd0b894f6d65357966005bd001fd2be7f"}
,"/Users/johnatanbotero/Master/deliveryapp/app/themes/index.js": {"path":"/Users/johnatanbotero/Master/deliveryapp/app/themes/index.js","statementMap":{},"fnMap":{},"branchMap":{},"s":{},"f":{},"b":{},"_coverageSchema":"1a1c01bbd47fc00a2c39e90264f33305004495a9","hash":"8ff772fb53898009b0bb43101d2f6305cd1fb268"}
,"/Users/johnatanbotero/Master/deliveryapp/app/themes/metrics.js": {"path":"/Users/johnatanbotero/Master/deliveryapp/app/themes/metrics.js","statementMap":{"0":{"start":{"line":5,"column":29},"end":{"line":5,"column":60}},"1":{"start":{"line":6,"column":28},"end":{"line":6,"column":58}},"2":{"start":{"line":7,"column":29},"end":{"line":7,"column":31}},"3":{"start":{"line":9,"column":23},"end":{"line":13,"column":1}}},"fnMap":{},"branchMap":{},"s":{"0":1,"1":1,"2":1,"3":1},"f":{},"b":{},"_coverageSchema":"1a1c01bbd47fc00a2c39e90264f33305004495a9","hash":"96f51fa3165bde16795fc4b85a0e66fc4adb44eb"}
}
