TN:
SF:app/components/Text.js
FN:36,Text
FN:41,(anonymous_1)
FN:42,(anonymous_2)
FN:43,(anonymous_3)
FN:53,normalize
FNF:5
FNH:3
FNDA:0,Text
FNDA:5,(anonymous_1)
FNDA:5,(anonymous_2)
FNDA:0,(anonymous_3)
FNDA:14,normalize
DA:7,1
DA:8,1
DA:12,1
DA:37,0
DA:41,1
DA:42,5
DA:43,5
DA:44,0
DA:46,1
DA:47,1
DA:48,1
DA:49,1
DA:51,1
DA:54,14
DA:55,10
DA:56,10
DA:57,8
DA:59,2
DA:62,4
LF:19
LH:17
BRDA:54,0,0,10
BRDA:54,0,1,4
BRDA:56,1,0,8
BRDA:56,1,1,2
BRF:4
BRH:4
end_of_record
TN:
SF:app/themes/colors.js
FN:12,(anonymous_0)
FN:15,(anonymous_1)
FN:18,(anonymous_2)
FNF:3
FNH:3
FNDA:4,(anonymous_0)
FNDA:4,(anonymous_1)
FNDA:4,(anonymous_2)
DA:3,2
DA:4,2
DA:5,2
DA:6,2
DA:8,2
DA:9,2
DA:10,2
DA:12,2
DA:13,4
DA:15,2
DA:16,4
DA:18,2
DA:19,4
DA:22,2
LF:14
LH:14
BRF:0
BRH:0
end_of_record
TN:
SF:app/themes/index.js
FNF:0
FNH:0
LF:0
LH:0
BRF:0
BRH:0
end_of_record
TN:
SF:app/themes/metrics.js
FNF:0
FNH:0
DA:5,1
DA:6,1
DA:7,1
DA:9,1
LF:4
LH:4
BRF:0
BRH:0
end_of_record
